<?xml version="1.0" encoding="UTF-8"?>
<!-- Generated by org.testng.reporters.JUnitReportReporter -->
<testsuite skipped="2" hostname="DESKTOP-BT3TDFN" name="tests.AddProductToCompareTest" tests="2" failures="0" timestamp="2020-06-27T03:31:31 EET" time="0.000" errors="0">
  <testcase name="UserCanCompareProducts" time="0.000" classname="tests.AddProductToCompareTest">
    <skipped/>
  </testcase> <!-- UserCanCompareProducts -->
  <system-out/>
  <testcase name="UserCanClearCompareList" time="0.000" classname="tests.AddProductToCompareTest">
    <skipped/>
  </testcase> <!-- UserCanClearCompareList -->
  <system-out/>
</testsuite> <!-- tests.AddProductToCompareTest -->
