<?xml version="1.0" encoding="UTF-8"?>
<!-- Generated by org.testng.reporters.JUnitReportReporter -->
<testsuite skipped="0" hostname="DESKTOP-BT3TDFN" name="ghuru2" tests="1" failures="0" timestamp="2020-08-02T17:37:18 EET" time="31.118" errors="0">
  <testcase name="TestingGuruSite" time="31.118" classname="ghuru2"/>
  <system-out/>
</testsuite> <!-- ghuru2 -->
