<?xml version="1.0" encoding="UTF-8"?>
<!-- Generated by org.testng.reporters.JUnitReportReporter -->
<testsuite skipped="5" hostname="DESKTOP-BT3TDFN" name="tests.MyAccountTest" tests="5" failures="0" timestamp="2020-06-27T03:31:31 EET" time="0.000" errors="0">
  <testcase name="UserCanRegisterSuccssfully" time="0.000" classname="tests.MyAccountTest">
    <skipped/>
  </testcase> <!-- UserCanRegisterSuccssfully -->
  <system-out/>
  <testcase name="RegisteredUserCanChangePassword" time="0.000" classname="tests.MyAccountTest">
    <skipped/>
  </testcase> <!-- RegisteredUserCanChangePassword -->
  <system-out/>
  <testcase name="RegisteredUserCanLogout" time="0.000" classname="tests.MyAccountTest">
    <skipped/>
  </testcase> <!-- RegisteredUserCanLogout -->
  <system-out/>
  <testcase name="RegisteredUserCanLogin" time="0.000" classname="tests.MyAccountTest">
    <skipped/>
  </testcase> <!-- RegisteredUserCanLogin -->
  <system-out/>
  <testcase name="UserLogout" time="0.000" classname="tests.MyAccountTest">
    <skipped/>
  </testcase> <!-- UserLogout -->
  <system-out/>
</testsuite> <!-- tests.MyAccountTest -->
