<?xml version="1.0" encoding="UTF-8"?>
<!-- Generated by org.testng.reporters.JUnitReportReporter -->
<testsuite skipped="0" hostname="DESKTOP-BT3TDFN" name="ghuru.ghuru2" tests="1" failures="0" timestamp="2020-08-02T18:02:50 EET" time="8.928" errors="0">
  <testcase name="TestingGuruSite" time="8.928" classname="ghuru.ghuru2"/>
  <system-out/>
</testsuite> <!-- ghuru.ghuru2 -->
