<?xml version="1.0" encoding="UTF-8"?>
<!-- Generated by org.testng.reporters.JUnitReportReporter -->
<testsuite skipped="0" hostname="DESKTOP-BT3TDFN" name="ghuru.ghuru4" tests="1" failures="0" timestamp="2020-08-03T15:55:05 EET" time="6.544" errors="0">
  <testcase name="PrintOrderPdf" time="6.544" classname="ghuru.ghuru4"/>
  <system-out/>
</testsuite> <!-- ghuru.ghuru4 -->
