<?xml version="1.0" encoding="UTF-8"?>
<!-- Generated by org.testng.reporters.JUnitReportReporter -->
<testsuite skipped="5" hostname="DESKTOP-BT3TDFN" name="tests.RegisteredUserCheckoutProductTest" tests="5" failures="0" timestamp="2020-06-27T03:31:31 EET" time="0.000" errors="0">
  <testcase name="UserCanRegisterSuccssfully" time="0.000" classname="tests.RegisteredUserCheckoutProductTest">
    <skipped/>
  </testcase> <!-- UserCanRegisterSuccssfully -->
  <system-out/>
  <testcase name="UserCanSearchWithAutoSuggest" time="0.000" classname="tests.RegisteredUserCheckoutProductTest">
    <skipped/>
  </testcase> <!-- UserCanSearchWithAutoSuggest -->
  <system-out/>
  <testcase name="UserCanAddProductToShoppingCart" time="0.000" classname="tests.RegisteredUserCheckoutProductTest">
    <skipped/>
  </testcase> <!-- UserCanAddProductToShoppingCart -->
  <system-out/>
  <testcase name="UserCanCheckoutProduct" time="0.000" classname="tests.RegisteredUserCheckoutProductTest">
    <skipped/>
  </testcase> <!-- UserCanCheckoutProduct -->
  <system-out/>
  <testcase name="RegisteredUserCanLogout" time="0.000" classname="tests.RegisteredUserCheckoutProductTest">
    <skipped/>
  </testcase> <!-- RegisteredUserCanLogout -->
  <system-out/>
</testsuite> <!-- tests.RegisteredUserCheckoutProductTest -->
