<?xml version="1.0" encoding="UTF-8"?>
<!-- Generated by org.testng.reporters.JUnitReportReporter -->
<testsuite skipped="3" hostname="DESKTOP-BT3TDFN" name="tests.AddProductToShoppingCartTest" tests="3" failures="0" timestamp="2020-06-27T04:16:29 EET" time="0.000" errors="0">
  <testcase name="UserCanSearchForProductsWithAutoSuggest" time="0.000" classname="tests.AddProductToShoppingCartTest">
    <skipped/>
  </testcase> <!-- UserCanSearchForProductsWithAutoSuggest -->
  <system-out/>
  <testcase name="UserCanAddProductToShoppingCart" time="0.000" classname="tests.AddProductToShoppingCartTest">
    <skipped/>
  </testcase> <!-- UserCanAddProductToShoppingCart -->
  <system-out/>
  <testcase name="UserCanRemoveProductFromCart" time="0.000" classname="tests.AddProductToShoppingCartTest">
    <skipped/>
  </testcase> <!-- UserCanRemoveProductFromCart -->
  <system-out/>
</testsuite> <!-- tests.AddProductToShoppingCartTest -->
