<?xml version="1.0" encoding="UTF-8"?>
<!-- Generated by org.testng.reporters.JUnitReportReporter -->
<testsuite skipped="0" hostname="DESKTOP-BT3TDFN" name="ghuru.ghuru3" tests="1" failures="0" timestamp="2020-08-02T18:02:50 EET" time="19.449" errors="0">
  <testcase name="Purchasetest" time="19.449" classname="ghuru.ghuru3"/>
  <system-out/>
</testsuite> <!-- ghuru.ghuru3 -->
