<?xml version="1.0" encoding="UTF-8"?>
<!-- Generated by org.testng.reporters.JUnitReportReporter -->
<testsuite skipped="2" hostname="DESKTOP-BT3TDFN" name="tests.ChangeCurrencyTest" tests="2" failures="0" timestamp="2020-06-27T03:31:31 EET" time="0.000" errors="0">
  <testcase name="UserCanCanChangeCurrency" time="0.000" classname="tests.ChangeCurrencyTest">
    <skipped/>
  </testcase> <!-- UserCanCanChangeCurrency -->
  <system-out/>
  <testcase name="UserCanSearchWithAutoSuggest" time="0.000" classname="tests.ChangeCurrencyTest">
    <skipped/>
  </testcase> <!-- UserCanSearchWithAutoSuggest -->
  <system-out/>
</testsuite> <!-- tests.ChangeCurrencyTest -->
