<?xml version="1.0" encoding="UTF-8"?>
<!-- Generated by org.testng.reporters.JUnitReportReporter -->
<testsuite skipped="0" hostname="DESKTOP-BT3TDFN" name="tests.UserRegistrationTestWithJavaFaker" tests="3" failures="0" timestamp="2020-06-27T15:16:19 EET" time="21.258" errors="0">
  <testcase name="RegisteredUserCanLogout" time="2.708" classname="tests.UserRegistrationTestWithJavaFaker"/>
  <system-out/>
  <testcase name="RegisteredUserCanLogin" time="10.252" classname="tests.UserRegistrationTestWithJavaFaker"/>
  <system-out/>
  <testcase name="UserCanRegisterSuccssfully" time="8.298" classname="tests.UserRegistrationTestWithJavaFaker"/>
  <system-out/>
</testsuite> <!-- tests.UserRegistrationTestWithJavaFaker -->
