<?xml version="1.0" encoding="UTF-8"?>
<!-- Generated by org.testng.reporters.JUnitReportReporter -->
<testsuite skipped="3" hostname="DESKTOP-BT3TDFN" name="tests.UserRegistrationTest" tests="3" failures="0" timestamp="2020-06-27T04:16:29 EET" time="0.000" errors="0">
  <testcase name="RegisteredUserCanLogout" time="0.000" classname="tests.UserRegistrationTest">
    <skipped/>
  </testcase> <!-- RegisteredUserCanLogout -->
  <system-out/>
  <testcase name="RegisteredUserCanLogin" time="0.000" classname="tests.UserRegistrationTest">
    <skipped/>
  </testcase> <!-- RegisteredUserCanLogin -->
  <system-out/>
  <testcase name="UserCanRegisterSuccssfully" time="0.000" classname="tests.UserRegistrationTest">
    <skipped/>
  </testcase> <!-- UserCanRegisterSuccssfully -->
  <system-out/>
</testsuite> <!-- tests.UserRegistrationTest -->
