<?xml version="1.0" encoding="UTF-8"?>
<!-- Generated by org.testng.reporters.JUnitReportReporter -->
<testsuite skipped="0" hostname="DESKTOP-BT3TDFN" name="tests.ContactUsTest" tests="1" failures="0" timestamp="2020-06-27T23:37:02 EET" time="6.548" errors="0">
  <testcase name="UserCanUseContactUs" time="6.548" classname="tests.ContactUsTest"/>
  <system-out/>
</testsuite> <!-- tests.ContactUsTest -->
