<?xml version="1.0" encoding="UTF-8"?>
<!-- Generated by org.testng.reporters.JUnitReportReporter -->
<testsuite skipped="0" hostname="DESKTOP-BT3TDFN" name="ghuru99" tests="4" failures="0" timestamp="2020-07-26T01:36:08 EET" time="17.249" errors="0">
  <testcase name="inputusernameandpassword" time="11.093" classname="ghuru99"/>
  <system-out/>
  <testcase name="inputInvalidusernameandpassword" time="2.341" classname="ghuru99"/>
  <system-out/>
  <testcase name="inputInvalidusernameandpassword" time="1.706" classname="ghuru99"/>
  <system-out/>
  <testcase name="inputInvalidusernameandpassword" time="2.109" classname="ghuru99"/>
  <system-out/>
</testsuite> <!-- ghuru99 -->
