<?xml version="1.0" encoding="UTF-8"?>
<!-- Generated by org.testng.reporters.JUnitReportReporter -->
<testsuite skipped="4" hostname="DESKTOP-BT3TDFN" name="tests.AddProductReviewTest" tests="4" failures="0" timestamp="2020-06-27T03:31:31 EET" time="0.000" errors="0">
  <testcase name="UserCanRegisterSuccssfully" time="0.000" classname="tests.AddProductReviewTest">
    <skipped/>
  </testcase> <!-- UserCanRegisterSuccssfully -->
  <system-out/>
  <testcase name="UserCanSearchWithAutoSuggest" time="0.000" classname="tests.AddProductReviewTest">
    <skipped/>
  </testcase> <!-- UserCanSearchWithAutoSuggest -->
  <system-out/>
  <testcase name="RegisteredUserCanReviewProduct" time="0.000" classname="tests.AddProductReviewTest">
    <skipped/>
  </testcase> <!-- RegisteredUserCanReviewProduct -->
  <system-out/>
  <testcase name="RegisteredUserCanLogout" time="0.000" classname="tests.AddProductReviewTest">
    <skipped/>
  </testcase> <!-- RegisteredUserCanLogout -->
  <system-out/>
</testsuite> <!-- tests.AddProductReviewTest -->
