<?xml version="1.0" encoding="UTF-8"?>
<!-- Generated by org.testng.reporters.JUnitReportReporter -->
<testsuite skipped="4" hostname="DESKTOP-BT3TDFN" name="tests.GuestCheckoutProductFromCartTest" tests="4" failures="0" timestamp="2020-06-27T03:31:31 EET" time="0.000" errors="0">
  <testcase name="UserCanSearchForProductsWithAutoSuggest" time="0.000" classname="tests.GuestCheckoutProductFromCartTest">
    <skipped/>
  </testcase> <!-- UserCanSearchForProductsWithAutoSuggest -->
  <system-out/>
  <testcase name="UserCanAddProductToShoppingCart" time="0.000" classname="tests.GuestCheckoutProductFromCartTest">
    <skipped/>
  </testcase> <!-- UserCanAddProductToShoppingCart -->
  <system-out/>
  <testcase name="UserCanCheckoutProduct" time="0.000" classname="tests.GuestCheckoutProductFromCartTest">
    <skipped/>
  </testcase> <!-- UserCanCheckoutProduct -->
  <system-out/>
  <testcase name="UserCanViewOrderDetails" time="0.000" classname="tests.GuestCheckoutProductFromCartTest">
    <skipped/>
  </testcase> <!-- UserCanViewOrderDetails -->
  <system-out/>
</testsuite> <!-- tests.GuestCheckoutProductFromCartTest -->
