<?xml version="1.0" encoding="UTF-8"?>
<!-- Generated by org.testng.reporters.JUnitReportReporter -->
<testsuite skipped="0" hostname="DESKTOP-BT3TDFN" name="ghuru.ghuru3" tests="1" failures="0" timestamp="2020-08-03T15:55:05 EET" time="27.216" errors="0">
  <testcase name="Purchasetest" time="27.216" classname="ghuru.ghuru3"/>
  <system-out/>
</testsuite> <!-- ghuru.ghuru3 -->
