<?xml version="1.0" encoding="UTF-8"?>
<!-- Generated by org.testng.reporters.JUnitReportReporter -->
<testsuite skipped="1" hostname="DESKTOP-BT3TDFN" name="tests.SearchProductUsingAutoSuggestTest" tests="1" failures="0" timestamp="2020-06-27T03:31:31 EET" time="0.000" errors="0">
  <testcase name="UserCanSearchWithAutoSuggest" time="0.000" classname="tests.SearchProductUsingAutoSuggestTest">
    <skipped/>
  </testcase> <!-- UserCanSearchWithAutoSuggest -->
  <system-out/>
</testsuite> <!-- tests.SearchProductUsingAutoSuggestTest -->
