<?xml version="1.0" encoding="UTF-8"?>
<!-- Generated by org.testng.reporters.JUnitReportReporter -->
<testsuite skipped="0" hostname="DESKTOP-BT3TDFN" name="tests.UserRegistrationTestWithDDTAndCSV" tests="1" failures="0" timestamp="2020-06-25T19:02:13 EET" time="48.039" errors="0">
  <testcase name="UserCanRegisterSuccssfully" time="48.039" classname="tests.UserRegistrationTestWithDDTAndCSV"/>
  <system-out/>
</testsuite> <!-- tests.UserRegistrationTestWithDDTAndCSV -->
