<?xml version="1.0" encoding="UTF-8"?>
<!-- Generated by org.testng.reporters.JUnitReportReporter -->
<testsuite skipped="0" hostname="DESKTOP-BT3TDFN" name="tests.AddProductToWishListTest" tests="3" failures="0" timestamp="2020-06-25T19:04:52 EET" time="19.943" errors="0">
  <testcase name="UserCanSearchForProductsWithAutoSuggest" time="13.095" classname="tests.AddProductToWishListTest"/>
  <system-out/>
  <testcase name="UserCanAddProductToWishlist" time="5.042" classname="tests.AddProductToWishListTest"/>
  <system-out/>
  <testcase name="UserCanRemoveProductFromCart" time="1.806" classname="tests.AddProductToWishListTest"/>
  <system-out/>
</testsuite> <!-- tests.AddProductToWishListTest -->
