<?xml version="1.0" encoding="UTF-8"?>
<!-- Generated by org.testng.reporters.JUnitReportReporter -->
<testsuite skipped="0" hostname="DESKTOP-BT3TDFN" name="ghuru.ghuru2" tests="1" failures="0" timestamp="2020-08-03T15:55:05 EET" time="13.079" errors="0">
  <testcase name="TestingGuruSite" time="13.079" classname="ghuru.ghuru2"/>
  <system-out/>
</testsuite> <!-- ghuru.ghuru2 -->
