<?xml version="1.0" encoding="UTF-8"?>
<!-- Generated by org.testng.reporters.JUnitReportReporter -->
<testsuite skipped="0" hostname="DESKTOP-BT3TDFN" name="tests.ProductHoverMenuTest" tests="1" failures="0" timestamp="2020-06-27T23:37:02 EET" time="1.787" errors="0">
  <testcase name="UserCanSelectSubCategoryFromMainMenu" time="1.787" classname="tests.ProductHoverMenuTest"/>
  <system-out/>
</testsuite> <!-- tests.ProductHoverMenuTest -->
